This is pdfTeX, Version 3.141592653-2.6-1.40.22 (TeX Live 2022/dev/Debian) (preloaded format=pdflatex 2022.5.25)  8 AUG 2022 08:48
entering extended mode
 restricted \write18 enabled.
 %&-line parsing enabled.
**main
(./main.tex
LaTeX2e <2021-11-15> patch level 1
L3 programming layer <2022-01-21>
(/usr/share/texlive/texmf-dist/tex/latex/base/report.cls
Document Class: report 2021/10/04 v1.4n Standard LaTeX document class
(/usr/share/texlive/texmf-dist/tex/latex/base/size11.clo
File: size11.clo 2021/10/04 v1.4n Standard LaTeX file (size option)
)
\c@part=\count185
\c@chapter=\count186
\c@section=\count187
\c@subsection=\count188
\c@subsubsection=\count189
\c@paragraph=\count190
\c@subparagraph=\count191
\c@figure=\count192
\c@table=\count193
\abovecaptionskip=\skip47
\belowcaptionskip=\skip48
\bibindent=\dimen138
)
(/usr/share/texlive/texmf-dist/tex/generic/iftex/iftex.sty
Package: iftex 2020/03/06 v1.0d TeX engine tests
)
(/usr/share/texmf/tex/latex/lm/lmodern.sty
Package: lmodern 2009/10/30 v1.6 Latin Modern Fonts
LaTeX Font Info:    Overwriting symbol font `operators' in version `normal'
(Font)                  OT1/cmr/m/n --> OT1/lmr/m/n on input line 22.
LaTeX Font Info:    Overwriting symbol font `letters' in version `normal'
(Font)                  OML/cmm/m/it --> OML/lmm/m/it on input line 23.
LaTeX Font Info:    Overwriting symbol font `symbols' in version `normal'
(Font)                  OMS/cmsy/m/n --> OMS/lmsy/m/n on input line 24.
LaTeX Font Info:    Overwriting symbol font `largesymbols' in version `normal'
(Font)                  OMX/cmex/m/n --> OMX/lmex/m/n on input line 25.
LaTeX Font Info:    Overwriting symbol font `operators' in version `bold'
(Font)                  OT1/cmr/bx/n --> OT1/lmr/bx/n on input line 26.
LaTeX Font Info:    Overwriting symbol font `letters' in version `bold'
(Font)                  OML/cmm/b/it --> OML/lmm/b/it on input line 27.
LaTeX Font Info:    Overwriting symbol font `symbols' in version `bold'
(Font)                  OMS/cmsy/b/n --> OMS/lmsy/b/n on input line 28.
LaTeX Font Info:    Overwriting symbol font `largesymbols' in version `bold'
(Font)                  OMX/cmex/m/n --> OMX/lmex/m/n on input line 29.
LaTeX Font Info:    Overwriting math alphabet `\mathbf' in version `normal'
(Font)                  OT1/cmr/bx/n --> OT1/lmr/bx/n on input line 31.
LaTeX Font Info:    Overwriting math alphabet `\mathsf' in version `normal'
(Font)                  OT1/cmss/m/n --> OT1/lmss/m/n on input line 32.
LaTeX Font Info:    Overwriting math alphabet `\mathit' in version `normal'
(Font)                  OT1/cmr/m/it --> OT1/lmr/m/it on input line 33.
LaTeX Font Info:    Overwriting math alphabet `\mathtt' in version `normal'
(Font)                  OT1/cmtt/m/n --> OT1/lmtt/m/n on input line 34.
LaTeX Font Info:    Overwriting math alphabet `\mathbf' in version `bold'
(Font)                  OT1/cmr/bx/n --> OT1/lmr/bx/n on input line 35.
LaTeX Font Info:    Overwriting math alphabet `\mathsf' in version `bold'
(Font)                  OT1/cmss/bx/n --> OT1/lmss/bx/n on input line 36.
LaTeX Font Info:    Overwriting math alphabet `\mathit' in version `bold'
(Font)                  OT1/cmr/bx/it --> OT1/lmr/bx/it on input line 37.
LaTeX Font Info:    Overwriting math alphabet `\mathtt' in version `bold'
(Font)                  OT1/cmtt/m/n --> OT1/lmtt/m/n on input line 38.
)
(/usr/share/texlive/texmf-dist/tex/latex/base/fontenc.sty
Package: fontenc 2021/04/29 v2.0v Standard LaTeX package
LaTeX Font Info:    Trying to load font information for T1+lmr on input line 11
2.

(/usr/share/texmf/tex/latex/lm/t1lmr.fd
File: t1lmr.fd 2009/10/30 v1.6 Font defs for Latin Modern
))
(/usr/share/texlive/texmf-dist/tex/latex/base/inputenc.sty
Package: inputenc 2021/02/14 v1.3d Input encoding file
\inpenc@prehook=\toks16
\inpenc@posthook=\toks17
)
(/usr/share/texlive/texmf-dist/tex/latex/lwarp/lwarp.sty
Package: lwarp 2022/02/01 v0.903 Allows LaTeX to directly produce HTML5 output.


(/usr/share/texlive/texmf-dist/tex/generic/iftex/ifpdf.sty
Package: ifpdf 2019/10/25 v3.4 ifpdf legacy package. Use iftex instead.
)

! LaTeX Error: File `ifptex.sty' not found.

Type X to quit or <RETURN> to proceed,
or enter new name. (Default extension: sty)

Enter file name: 
(/usr/share/texlive/texmf-dist/tex/latex/etoolbox/etoolbox.sty
Package: etoolbox 2020/10/05 v2.5k e-TeX tools for LaTeX (JAW)
\etb@tempcnta=\count194
)
(/usr/share/texlive/texmf-dist/tex/latex/xpatch/xpatch.sty
(/usr/share/texlive/texmf-dist/tex/latex/l3kernel/expl3.sty
Package: expl3 2022-01-21 L3 programming layer (loader) 

(/usr/share/texlive/texmf-dist/tex/latex/l3backend/l3backend-pdftex.def
File: l3backend-pdftex.def 2022-01-12 L3 backend support: PDF output (pdfTeX)
\l__color_backend_stack_int=\count195
\l__pdf_internal_box=\box50
))
Package: xpatch 2020/03/25 v0.3a Extending etoolbox patching commands

(/usr/share/texlive/texmf-dist/tex/latex/l3packages/xparse/xparse.sty
Package: xparse 2022-01-12 L3 Experimental document command parser
))
(/usr/share/texlive/texmf-dist/tex/latex/ifplatform/ifplatform.sty
Package: ifplatform 2017/10/13 v0.4a Testing for the operating system

(/usr/share/texlive/texmf-dist/tex/latex/tools/shellesc.sty
Package: shellesc 2019/11/08 v1.0c unified shell escape interface for LaTeX
Package shellesc Info: Restricted shell escape enabled on input line 77.
)
(/usr/share/texlive/texmf-dist/tex/generic/pdftexcmds/pdftexcmds.sty
Package: pdftexcmds 2020-06-27 v0.33 Utility functions of pdfTeX for LuaTeX (HO
)

(/usr/share/texlive/texmf-dist/tex/generic/infwarerr/infwarerr.sty
Package: infwarerr 2019/12/03 v1.5 Providing info/warning/error messages (HO)
)
(/usr/share/texlive/texmf-dist/tex/generic/ltxcmds/ltxcmds.sty
Package: ltxcmds 2020-05-10 v1.25 LaTeX kernel commands for general use (HO)
)
Package pdftexcmds Info: \pdf@primitive is available.
Package pdftexcmds Info: \pdf@ifprimitive is available.
Package pdftexcmds Info: \pdfdraftmode found.
)
(/usr/share/texlive/texmf-dist/tex/generic/catchfile/catchfile.sty
Package: catchfile 2019/12/09 v1.8 Catch the contents of a file (HO)

(/usr/share/texlive/texmf-dist/tex/generic/etexcmds/etexcmds.sty
Package: etexcmds 2019/12/15 v1.7 Avoid name clashes with e-TeX commands (HO)
))
(/usr/share/texlive/texmf-dist/tex/generic/iftex/ifluatex.sty
Package: ifluatex 2019/10/25 v1.5 ifluatex legacy package. Use iftex instead.
)

Package ifplatform Warning: 
    shell escape is disabled, so I can only detect \ifwindows.

) (/usr/share/texlive/texmf-dist/tex/latex/letltxmacro/letltxmacro.sty
Package: letltxmacro 2019/12/03 v1.6 Let assignment for LaTeX macros (HO)
)
(/usr/share/texlive/texmf-dist/tex/latex/base/fontenc.sty
Package: fontenc 2021/04/29 v2.0v Standard LaTeX package
)
(/usr/share/texlive/texmf-dist/tex/latex/newunicodechar/newunicodechar.sty
Package: newunicodechar 2018/04/08 v1.2 Defining Unicode characters
)

Package newunicodechar Warning: Redefining Unicode character on input line 858.



Package newunicodechar Warning: Redefining Unicode character on input line 859.



Package newunicodechar Warning: Redefining Unicode character on input line 860.



Package newunicodechar Warning: Redefining Unicode character on input line 861.



Package newunicodechar Warning: Redefining Unicode character on input line 862.



Package newunicodechar Warning: Redefining Unicode character on input line 863.



Package newunicodechar Warning: Redefining Unicode character on input line 864.


(/usr/share/texlive/texmf-dist/tex/latex/upquote/upquote.sty
Package: upquote 2012/04/19 v1.3 upright-quote and grave-accent glyphs in verba
tim

(/usr/share/texlive/texmf-dist/tex/latex/base/textcomp.sty
Package: textcomp 2020/02/02 v2.0n Standard LaTeX package
))
\LWR@templengthone=\skip49
\LWR@templengthtwo=\skip50
\LWR@templengththree=\skip51
\c@LWR@tempcountone=\count196
\c@LWR@texboxdepth=\count197

(/usr/share/texlive/texmf-dist/tex/latex/kvoptions/kvoptions.sty
Package: kvoptions 2020-10-07 v3.14 Key value format for package options (HO)

(/usr/share/texlive/texmf-dist/tex/latex/graphics/keyval.sty
Package: keyval 2014/10/28 v1.15 key=value parser (DPC)
\KV@toks@=\toks18
)
(/usr/share/texlive/texmf-dist/tex/generic/kvsetkeys/kvsetkeys.sty
Package: kvsetkeys 2019/12/15 v1.18 Key value parser (HO)
))
Package lwarp Info: Using option 'mathjax' on input line 1175.

(/usr/share/texlive/texmf-dist/tex/latex/comment/comment.sty
\CommentStream=\write3

Excluding comment 'comment') Lwarp: Including comment 'warpall'
Lwarp: Excluding comment 'warpHTML' Lwarp: Including comment 'warpprint'
Including 'warpprint' comment.
\openout3 = `comment_print.cut'.

 Straight input of comment_print.cut.
(./comment_print.cut Lwarp: Excluding comment 'warpMathJax')
Excluding 'warpHTML' comment. Including 'warpprint' comment.
\openout3 = `comment_print.cut'.


Straight input of comment_print.cut. (./comment_print.cut
Lwarp: Including comment 'warpsvg') Excluding 'warpHTML' comment.
Lwarp: Excluding comment 'LWRcreatelwarpmk' Excluding 'warpHTML' comment.
Excluding 'warpHTML' comment. Including 'warpall' comment.
\openout3 = `comment_all.cut'.


Straight input of comment_all.cut. (./comment_all.cut
(/usr/share/texlive/texmf-dist/tex/latex/tools/calc.sty
Package: calc 2017/05/25 v4.3 Infix arithmetic (KKT,FJ)
\calc@Acount=\count198
\calc@Bcount=\count199
\calc@Adimen=\dimen139
\calc@Bdimen=\dimen140
\calc@Askip=\skip52
\calc@Bskip=\skip53
LaTeX Info: Redefining \setlength on input line 80.
LaTeX Info: Redefining \addtolength on input line 81.
\calc@Ccount=\count266
\calc@Cskip=\skip54
))
Excluding 'warpHTML' comment. Including 'warpall' comment.
\openout3 = `comment_all.cut'.


Straight input of comment_all.cut. (./comment_all.cut)
Excluding 'warpHTML' comment. Including 'warpall' comment.
\openout3 = `comment_all.cut'.


Straight input of comment_all.cut. (./comment_all.cut
(/usr/share/texlive/texmf-dist/tex/generic/xstring/xstring.sty
(/usr/share/texlive/texmf-dist/tex/generic/xstring/xstring.tex
\integerpart=\count267
\decimalpart=\count268
)
Package: xstring 2021/07/21 v1.84 String manipulations (CT)
)
(/usr/share/texlive/texmf-dist/tex/latex/environ/environ.sty
Package: environ 2014/05/04 v0.3 A new way to define environments

(/usr/share/texlive/texmf-dist/tex/latex/trimspaces/trimspaces.sty
Package: trimspaces 2009/09/17 v1.1 Trim spaces around a token list
)
\@envbody=\toks19
))
Excluding 'warpHTML' comment. Including 'warpall' comment.
\openout3 = `comment_all.cut'.


Straight input of comment_all.cut. (./comment_all.cut)
Excluding 'warpHTML' comment. Including 'warpall' comment.
\openout3 = `comment_all.cut'.


Straight input of comment_all.cut. (./comment_all.cut
\LWR@quickfile=\write4
)
Excluding 'warpHTML' comment. Excluding 'warpHTML' comment.
Excluding 'warpHTML' comment. Including 'warpall' comment.
\openout3 = `comment_all.cut'.


Straight input of comment_all.cut. (./comment_all.cut)
Excluding 'warpHTML' comment. Including 'warpprint' comment.
\openout3 = `comment_print.cut'.


Straight input of comment_print.cut. (./comment_print.cut)
Including 'warpall' comment.
\openout3 = `comment_all.cut'.

 Straight input of comment_all.cut.
(./comment_all.cut) Excluding 'warpHTML' comment.
Excluding 'warpHTML' comment. Excluding 'warpHTML' comment.
Lwarp: Excluding comment 'LWRwriteconf' Including 'warpprint' comment.
\openout3 = `comment_print.cut'.


Straight input of comment_print.cut. (./comment_print.cut
Package lwarp Info: Generating lwarp configuration files, on input line 12.

Lwarp: Including comment 'LWRwriteconf') Including 'LWRwriteconf' comment.
\openout3 = `comment_writeconf.cut'.


Straight input of comment_writeconf.cut. (./comment_writeconf.cut
\openout4 = `main_html.tex'.

)
Including 'LWRwriteconf' comment.
\openout3 = `comment_writeconf.cut'.

 Straight input of comment_writeconf.cut.
(./comment_writeconf.cut) Including 'LWRwriteconf' comment.
\openout3 = `comment_writeconf.cut'.


Straight input of comment_writeconf.cut. (./comment_writeconf.cut)
Including 'LWRwriteconf' comment.
\openout3 = `comment_writeconf.cut'.

 Straight input of comment_writeconf.cut.
(./comment_writeconf.cut) Including 'LWRwriteconf' comment.
\openout3 = `comment_writeconf.cut'.


Straight input of comment_writeconf.cut. (./comment_writeconf.cut

LaTeX Info: Writing file `./lwarp.css'.

\openout15 = `lwarp.css'.


) Including 'LWRwriteconf' comment.
\openout3 = `comment_writeconf.cut'.

 Straight input of comment_writeconf.cut.
(./comment_writeconf.cut

LaTeX Info: Writing file `./lwarp_sagebrush.css'.

\openout15 = `lwarp_sagebrush.css'.


) Including 'LWRwriteconf' comment.
\openout3 = `comment_writeconf.cut'.

 Straight input of comment_writeconf.cut.
(./comment_writeconf.cut

LaTeX Info: Writing file `./lwarp_formal.css'.

\openout15 = `lwarp_formal.css'.


) Including 'LWRwriteconf' comment.
\openout3 = `comment_writeconf.cut'.

 Straight input of comment_writeconf.cut.
(./comment_writeconf.cut

LaTeX Warning: Writing or overwriting file `./sample_project.css'.

\openout15 = `sample_project.css'.


) Including 'LWRwriteconf' comment.
\openout3 = `comment_writeconf.cut'.

 Straight input of comment_writeconf.cut.
(./comment_writeconf.cut

LaTeX Info: Writing file `./lwarp.ist'.

\openout15 = `lwarp.ist'.


) Including 'LWRwriteconf' comment.
\openout3 = `comment_writeconf.cut'.

 Straight input of comment_writeconf.cut.
(./comment_writeconf.cut

LaTeX Info: Writing file `./lwarp.xdy'.

\openout15 = `lwarp.xdy'.


) Including 'LWRwriteconf' comment.
\openout3 = `comment_writeconf.cut'.

 Straight input of comment_writeconf.cut.
(./comment_writeconf.cut
\openout4 = `lwarp_one_limage.txt'.

) Including 'LWRwriteconf' comment.
\openout3 = `comment_writeconf.cut'.


Straight input of comment_writeconf.cut. (./comment_writeconf.cut

LaTeX Info: Writing file `./lwarp_mathjax.txt'.

\openout15 = `lwarp_mathjax.txt'.


) Excluding 'LWRcreatelwarpmk' comment. Excluding 'warpHTML' comment.
Excluding 'warpHTML' comment. Including 'warpall' comment.
\openout3 = `comment_all.cut'.


Straight input of comment_all.cut. (./comment_all.cut)
Including 'warpall' comment.
\openout3 = `comment_all.cut'.

 Straight input of comment_all.cut.
(./comment_all.cut) Excluding 'warpHTML' comment. Including 'warpall' comment.
\openout3 = `comment_all.cut'.


Straight input of comment_all.cut. (./comment_all.cut)
Excluding 'warpHTML' comment. Including 'warpall' comment.
\openout3 = `comment_all.cut'.


Straight input of comment_all.cut. (./comment_all.cut)
Excluding 'warpHTML' comment. Including 'warpprint' comment.
\openout3 = `comment_print.cut'.


Straight input of comment_print.cut. (./comment_print.cut)
Excluding 'warpHTML' comment. Including 'warpall' comment.
\openout3 = `comment_all.cut'.


Straight input of comment_all.cut. (./comment_all.cut)
Including 'warpprint' comment.
\openout3 = `comment_print.cut'.

 Straight input of comment_print.cut.
(./comment_print.cut) Excluding 'warpHTML' comment.
Excluding 'warpHTML' comment. Including 'warpprint' comment.
\openout3 = `comment_print.cut'.


Straight input of comment_print.cut. (./comment_print.cut)
Excluding 'warpHTML' comment. Excluding 'warpHTML' comment.
Excluding 'warpHTML' comment. Including 'warpall' comment.
\openout3 = `comment_all.cut'.


Straight input of comment_all.cut. (./comment_all.cut)
Excluding 'warpHTML' comment. Including 'warpall' comment.
\openout3 = `comment_all.cut'.


Straight input of comment_all.cut. (./comment_all.cut)
Excluding 'warpHTML' comment. Including 'warpall' comment.
\openout3 = `comment_all.cut'.


Straight input of comment_all.cut. (./comment_all.cut)
Excluding 'warpHTML' comment. Including 'warpall' comment.
\openout3 = `comment_all.cut'.


Straight input of comment_all.cut. (./comment_all.cut)
Excluding 'warpHTML' comment. Excluding 'warpHTML' comment.
Excluding 'warpHTML' comment. Excluding 'warpHTML' comment.
Excluding 'warpHTML' comment. Including 'warpall' comment.
\openout3 = `comment_all.cut'.


Straight input of comment_all.cut. (./comment_all.cut)
Excluding 'warpHTML' comment. Including 'warpprint' comment.
\openout3 = `comment_print.cut'.


Straight input of comment_print.cut. (./comment_print.cut)
Excluding 'warpHTML' comment. Including 'warpprint' comment.
\openout3 = `comment_print.cut'.


Straight input of comment_print.cut. (./comment_print.cut)
Excluding 'warpHTML' comment. Including 'warpall' comment.
\openout3 = `comment_all.cut'.


Straight input of comment_all.cut. (./comment_all.cut)
Including 'warpall' comment.
\openout3 = `comment_all.cut'.

 Straight input of comment_all.cut.
(./comment_all.cut
\c@FootnoteDepth=\count269
\c@footnoteReset=\count270
) Excluding 'warpHTML' comment.
Excluding 'warpHTML' comment. Including 'warpprint' comment.
\openout3 = `comment_print.cut'.


Straight input of comment_print.cut. (./comment_print.cut)
\c@LWR@currentautosecpage=\count271
\c@LWR@currentautosecfloatpage=\count272
\c@LWR@previousautopagelabel=\count273

Including 'warpall' comment.
\openout3 = `comment_all.cut'.

 Straight input of comment_all.cut.
(./comment_all.cut
\c@FileDepth=\count274
) Excluding 'warpHTML' comment.
Excluding 'warpMathJax' comment. Excluding 'warpMathJax' comment.
Excluding 'warpHTML' comment. Including 'warpprint' comment.
\openout3 = `comment_print.cut'.


Straight input of comment_print.cut. (./comment_print.cut)
Excluding 'warpHTML' comment. Excluding 'warpHTML' comment.
Including 'warpprint' comment.
\openout3 = `comment_print.cut'.

 Straight input of comment_print.cut.
(./comment_print.cut) Excluding 'warpHTML' comment.
Including 'warpall' comment.
\openout3 = `comment_all.cut'.

 Straight input of comment_all.cut.
(./comment_all.cut) Excluding 'warpHTML' comment.
Excluding 'warpHTML' comment. Excluding 'warpHTML' comment.
Including 'warpall' comment.
\openout3 = `comment_all.cut'.

 Straight input of comment_all.cut.
(./comment_all.cut) Including 'warpall' comment.
\openout3 = `comment_all.cut'.


Straight input of comment_all.cut. (./comment_all.cut)
Including 'warpprint' comment.
\openout3 = `comment_print.cut'.

 Straight input of comment_print.cut.
(./comment_print.cut) Excluding 'warpHTML' comment.
Including 'warpprint' comment.
\openout3 = `comment_print.cut'.

 Straight input of comment_print.cut.
(./comment_print.cut) Excluding 'warpHTML' comment.
Excluding 'warpHTML' comment. Including 'warpprint' comment.
\openout3 = `comment_print.cut'.


Straight input of comment_print.cut. (./comment_print.cut)
Excluding 'warpHTML' comment. Including 'warpall' comment.
\openout3 = `comment_all.cut'.


Straight input of comment_all.cut. (./comment_all.cut)
Excluding 'warpHTML' comment. Including 'warpall' comment.
\openout3 = `comment_all.cut'.


Straight input of comment_all.cut. (./comment_all.cut)
Excluding 'warpHTML' comment. Excluding 'warpHTML' comment.
Excluding 'warpHTML' comment. Including 'warpall' comment.
\openout3 = `comment_all.cut'.


Straight input of comment_all.cut. (./comment_all.cut
\HTMLvleftskip=\skip55
\HTMLleftmargini=\skip56
)
Including 'warpall' comment.
\openout3 = `comment_all.cut'.

 Straight input of comment_all.cut.
(./comment_all.cut
\VerbatimHTMLWidth=\skip57
) Excluding 'warpHTML' comment.
Excluding 'warpHTML' comment. Excluding 'warpHTML' comment.
Excluding 'warpHTML' comment. Excluding 'warpHTML' comment.
Including 'warpprint' comment.
\openout3 = `comment_print.cut'.

 Straight input of comment_print.cut.
(./comment_print.cut) Excluding 'warpHTML' comment.
Excluding 'warpHTML' comment. Including 'warpall' comment.
\openout3 = `comment_all.cut'.


Straight input of comment_all.cut. (./comment_all.cut)
Excluding 'warpHTML' comment. Including 'warpall' comment.
\openout3 = `comment_all.cut'.


Straight input of comment_all.cut. (./comment_all.cut)
Excluding 'warpHTML' comment. Including 'warpprint' comment.
\openout3 = `comment_print.cut'.


Straight input of comment_print.cut. (./comment_print.cut)
Excluding 'warpHTML' comment. Including 'warpall' comment.
\openout3 = `comment_all.cut'.


Straight input of comment_all.cut. (./comment_all.cut)
Including 'warpall' comment.
\openout3 = `comment_all.cut'.

 Straight input of comment_all.cut.
(./comment_all.cut) Excluding 'warpHTML' comment.
Excluding 'warpHTML' comment. Excluding 'warpHTML' comment.
Excluding 'warpHTML' comment. Including 'warpall' comment.
\openout3 = `comment_all.cut'.


Straight input of comment_all.cut. (./comment_all.cut
\c@SideTOCDepth=\count275
)
Excluding 'warpHTML' comment. Excluding 'warpHTML' comment.
Including 'warpprint' comment.
\openout3 = `comment_print.cut'.

 Straight input of comment_print.cut.
(./comment_print.cut) Including 'warpall' comment.
\openout3 = `comment_all.cut'.


Straight input of comment_all.cut. (./comment_all.cut)
Excluding 'warpHTML' comment. Excluding 'warpHTML' comment.
Excluding 'warpHTML' comment. Including 'warpall' comment.
\openout3 = `comment_all.cut'.


Straight input of comment_all.cut. (./comment_all.cut)
Excluding 'warpHTML' comment. Including 'warpprint' comment.
\openout3 = `comment_print.cut'.


Straight input of comment_print.cut. (./comment_print.cut)
Excluding 'warpHTML' comment. Excluding 'warpHTML' comment.
Including 'warpall' comment.
\openout3 = `comment_all.cut'.

 Straight input of comment_all.cut.
(./comment_all.cut) Excluding 'warpHTML' comment.
Including 'warpprint' comment.
\openout3 = `comment_print.cut'.

 Straight input of comment_print.cut.
(./comment_print.cut) Excluding 'warpHTML' comment.
Excluding 'warpHTML' comment. Excluding 'warpHTML' comment.
Including 'warpprint' comment.
\openout3 = `comment_print.cut'.

 Straight input of comment_print.cut.
(./comment_print.cut) Including 'warpall' comment.
\openout3 = `comment_all.cut'.


Straight input of comment_all.cut. (./comment_all.cut)
Including 'warpprint' comment.
\openout3 = `comment_print.cut'.

 Straight input of comment_print.cut.
(./comment_print.cut) Excluding 'warpHTML' comment.
Excluding 'warpHTML' comment. Excluding 'warpHTML' comment.
Excluding 'warpHTML' comment. Including 'warpprint' comment.
\openout3 = `comment_print.cut'.


Straight input of comment_print.cut. (./comment_print.cut)
Excluding 'warpHTML' comment. Including 'warpall' comment.
\openout3 = `comment_all.cut'.


Straight input of comment_all.cut. (./comment_all.cut)
Excluding 'warpHTML' comment. Including 'warpall' comment.
\openout3 = `comment_all.cut'.


Straight input of comment_all.cut. (./comment_all.cut
\LWR@fminipagebox=\box51
)
Excluding 'warpHTML' comment. Including 'warpall' comment.
\openout3 = `comment_all.cut'.


Straight input of comment_all.cut. (./comment_all.cut)
Excluding 'warpHTML' comment. Including 'warpprint' comment.
\openout3 = `comment_print.cut'.


Straight input of comment_print.cut. (./comment_print.cut)
Excluding 'warpHTML' comment. Excluding 'warpHTML' comment.
Including 'warpall' comment.
\openout3 = `comment_all.cut'.

 Straight input of comment_all.cut.
(./comment_all.cut) Excluding 'warpHTML' comment.
Excluding 'warpHTML' comment. Excluding 'warpHTML' comment.
Excluding 'warpHTML' comment. Excluding 'warpHTML' comment.
Excluding 'warpHTML' comment. Excluding 'warpHTML' comment.
Including 'warpprint' comment.
\openout3 = `comment_print.cut'.

 Straight input of comment_print.cut.
(./comment_print.cut) Excluding 'warpHTML' comment.
Excluding 'warpHTML' comment. Excluding 'warpHTML' comment.
Excluding 'warpHTML' comment. Excluding 'warpHTML' comment.)
(/usr/share/texlive/texmf-dist/tex/latex/base/makeidx.sty
Package: makeidx 2021/10/04 v1.0m Standard LaTeX package
)
\@indexfile=\write5
\openout5 = `main.idx'.


Writing index file main.idx
(/usr/share/texlive/texmf-dist/tex/latex/xcolor/xcolor.sty
Package: xcolor 2021/10/31 v2.13 LaTeX color extensions (UK)

(/usr/share/texlive/texmf-dist/tex/latex/graphics-cfg/color.cfg
File: color.cfg 2016/01/02 v1.6 sample color configuration
)
Package xcolor Info: Driver file: pdftex.def on input line 227.

(/usr/share/texlive/texmf-dist/tex/latex/graphics-def/pdftex.def
File: pdftex.def 2020/10/05 v1.2a Graphics/color driver for pdftex
)
Package xcolor Info: Model `cmy' substituted by `cmy0' on input line 1352.
Package xcolor Info: Model `hsb' substituted by `rgb' on input line 1356.
Package xcolor Info: Model `RGB' extended on input line 1368.
Package xcolor Info: Model `HTML' substituted by `rgb' on input line 1370.
Package xcolor Info: Model `Hsb' substituted by `hsb' on input line 1371.
Package xcolor Info: Model `tHsb' substituted by `hsb' on input line 1372.
Package xcolor Info: Model `HSB' substituted by `hsb' on input line 1373.
Package xcolor Info: Model `Gray' substituted by `gray' on input line 1374.
Package xcolor Info: Model `wave' substituted by `hsb' on input line 1375.
)
(/usr/share/texlive/texmf-dist/tex/latex/amsmath/amsmath.sty
Package: amsmath 2021/10/15 v2.17l AMS math features
\@mathmargin=\skip58

For additional information on amsmath, use the `?' option.
(/usr/share/texlive/texmf-dist/tex/latex/amsmath/amstext.sty
Package: amstext 2021/08/26 v2.01 AMS text

(/usr/share/texlive/texmf-dist/tex/latex/amsmath/amsgen.sty
File: amsgen.sty 1999/11/30 v2.0 generic functions
\@emptytoks=\toks20
\ex@=\dimen141
))
(/usr/share/texlive/texmf-dist/tex/latex/amsmath/amsbsy.sty
Package: amsbsy 1999/11/29 v1.2d Bold Symbols
\pmbraise@=\dimen142
)
(/usr/share/texlive/texmf-dist/tex/latex/amsmath/amsopn.sty
Package: amsopn 2021/08/26 v2.02 operator names
)
\inf@bad=\count276
LaTeX Info: Redefining \frac on input line 234.
\uproot@=\count277
\leftroot@=\count278
LaTeX Info: Redefining \overline on input line 399.
\classnum@=\count279
\DOTSCASE@=\count280
LaTeX Info: Redefining \ldots on input line 496.
LaTeX Info: Redefining \dots on input line 499.
LaTeX Info: Redefining \cdots on input line 620.
\Mathstrutbox@=\box52
\strutbox@=\box53
\big@size=\dimen143
LaTeX Font Info:    Redeclaring font encoding OML on input line 743.
LaTeX Font Info:    Redeclaring font encoding OMS on input line 744.
\macc@depth=\count281
\c@MaxMatrixCols=\count282
\dotsspace@=\muskip16
\c@parentequation=\count283
\dspbrk@lvl=\count284
\tag@help=\toks21
\row@=\count285
\column@=\count286
\maxfields@=\count287
\andhelp@=\toks22
\eqnshift@=\dimen144
\alignsep@=\dimen145
\tagshift@=\dimen146
\tagwidth@=\dimen147
\totwidth@=\dimen148
\lineht@=\dimen149
\@envbody=\toks23
\multlinegap=\skip59
\multlinetaggap=\skip60
\mathdisplay@stack=\toks24
LaTeX Info: Redefining \[ on input line 2938.
LaTeX Info: Redefining \] on input line 2939.
)
(/usr/share/texlive/texmf-dist/tex/latex/hyperref/hyperref.sty
Package: hyperref 2021-06-07 v7.00m Hypertext links for LaTeX

(/usr/share/texlive/texmf-dist/tex/generic/kvdefinekeys/kvdefinekeys.sty
Package: kvdefinekeys 2019-12-19 v1.6 Define keys (HO)
)
(/usr/share/texlive/texmf-dist/tex/generic/pdfescape/pdfescape.sty
Package: pdfescape 2019/12/09 v1.15 Implements pdfTeX's escape features (HO)
)
(/usr/share/texlive/texmf-dist/tex/latex/hycolor/hycolor.sty
Package: hycolor 2020-01-27 v1.10 Color options for hyperref/bookmark (HO)
)
(/usr/share/texlive/texmf-dist/tex/latex/auxhook/auxhook.sty
Package: auxhook 2019-12-17 v1.6 Hooks for auxiliary files (HO)
)
\@linkdim=\dimen150
\Hy@linkcounter=\count288
\Hy@pagecounter=\count289

(/usr/share/texlive/texmf-dist/tex/latex/hyperref/pd1enc.def
File: pd1enc.def 2021-06-07 v7.00m Hyperref: PDFDocEncoding definition (HO)
Now handling font encoding PD1 ...
... no UTF-8 mapping file for font encoding PD1
)
(/usr/share/texlive/texmf-dist/tex/latex/hyperref/hyperref-langpatches.def
File: hyperref-langpatches.def 2021-06-07 v7.00m Hyperref: patches for babel la
nguages
)
(/usr/share/texlive/texmf-dist/tex/generic/intcalc/intcalc.sty
Package: intcalc 2019/12/15 v1.3 Expandable calculations with integers (HO)
)
\Hy@SavedSpaceFactor=\count290

(/usr/share/texlive/texmf-dist/tex/latex/hyperref/puenc.def
File: puenc.def 2021-06-07 v7.00m Hyperref: PDF Unicode definition (HO)
Now handling font encoding PU ...
... no UTF-8 mapping file for font encoding PU
)
Package hyperref Info: Hyper figures OFF on input line 4192.
Package hyperref Info: Link nesting OFF on input line 4197.
Package hyperref Info: Hyper index ON on input line 4200.
Package hyperref Info: Plain pages OFF on input line 4207.
Package hyperref Info: Backreferencing OFF on input line 4212.
Package hyperref Info: Implicit mode ON; LaTeX internals redefined.
Package hyperref Info: Bookmarks ON on input line 4445.
\c@Hy@tempcnt=\count291

(/usr/share/texlive/texmf-dist/tex/latex/url/url.sty
\Urlmuskip=\muskip17
Package: url 2013/09/16  ver 3.4  Verb mode for urls, etc.
)
LaTeX Info: Redefining \url on input line 4804.
\XeTeXLi